<?xml version="1.0" encoding="UTF-8"?>
<testsuite name="TC12_DataDownloadToFileTest" tests="1" skipped="0" failures="0" errors="0" timestamp="2021-08-21T20:44:08" hostname="MAIN-MACHINE" time="4.229">
  <properties/>
  <testcase name="-" classname="TC12_DataDownloadToFileTest" time="4.229"/>
  <system-out><![CDATA[]]></system-out>
  <system-err><![CDATA[[Test worker] INFO io.github.bonigarcia.wdm.WebDriverManager - Using chromedriver 92.0.4515.107 (resolved driver for Chrome 92)
[Test worker] INFO io.github.bonigarcia.wdm.WebDriverManager - Exporting webdriver.chrome.driver as C:\Users\georg\.cache\selenium\chromedriver\win32\92.0.4515.107\chromedriver.exe
Starting ChromeDriver 92.0.4515.107 (87a818b10553a07434ea9e2b6dccf3cbe7895134-refs/branch-heads/4515@{#1634}) on port 45059
Only local connections are allowed.
Please see https://chromedriver.chromium.org/security-considerations for suggestions on keeping ChromeDriver safe.
ChromeDriver was started successfully.
aug. 21, 2021 10:44:08 DU org.openqa.selenium.remote.ProtocolHandshake createSession
INFO: Detected dialect: W3C
[Test worker] INFO pages.HomePage - A weboldal megnyitĂˇsa
[Test worker] INFO pages.HomePage - KĂ©pernyĹ‘kĂ©p kĂ©szĂ­tĂ©s
[Test worker] INFO BaseTest - Kepernyokep keszitese
[Test worker] INFO pages.HomePage - Take a screenshot
[Test worker] INFO pages.HomePage - Take a screenshot
[Test worker] INFO BaseTest - Mutasd az osszes termeket
[Test worker] INFO BaseTest - Ar szerinti rendezes
[Test worker] INFO BaseTest - Mutasd az osszes termeket
[Test worker] INFO BaseTest - Canon EOS 5D;80.0
[Test worker] INFO BaseTest - Apple Cinema 30";90.0
[Test worker] INFO BaseTest - HP LP3065;100.0
[Test worker] INFO BaseTest - HTC Touch HD;100.0
[Test worker] INFO BaseTest - iPod Classic;100.0
[Test worker] INFO BaseTest - Product 8;100.0
[Test worker] INFO BaseTest - iPhone;101.0
[Test worker] INFO BaseTest - Samsung SyncMaster 941BW;200.0
[Test worker] INFO BaseTest - Palm Treo Pro;279.99
[Test worker] INFO BaseTest - Dell Inspiron 3881;400.0
[Test worker] INFO BaseTest - Dell Inspiron 4563;450.0
[Test worker] INFO BaseTest - MacBook;500.0
[Test worker] INFO BaseTest - MacBook Air;1000.0
[Test worker] INFO BaseTest - Sony VAIO;1000.0
[Test worker] INFO BaseTest - ASUS ROG Strix G15DH-HU005T;1300.0
[Test worker] INFO BaseTest - Acer Predator Orion 3000;1500.0
[Test worker] INFO BaseTest - Adatok mentese fileba
[Test worker] INFO BaseTest - Adatok betoltese filebol
[Test worker] INFO BaseTest - Adatok osszehasonlitasa
]]></system-err>
</testsuite>
