<?xml version="1.0" encoding="UTF-8"?>
<testsuite name="TC01_SuccessfulRegistration" tests="1" skipped="0" failures="0" errors="0" timestamp="2021-08-07T14:29:11" hostname="MAIN-MACHINE" time="4.173">
  <properties/>
  <testcase name="successfulRegistration()" classname="TC01_SuccessfulRegistration" time="4.173"/>
  <system-out><![CDATA[]]></system-out>
  <system-err><![CDATA[[Test worker] INFO io.github.bonigarcia.wdm.WebDriverManager - Using chromedriver 92.0.4515.107 (resolved driver for Chrome 92)
[Test worker] INFO io.github.bonigarcia.wdm.WebDriverManager - Exporting webdriver.chrome.driver as C:\Users\georg\.cache\selenium\chromedriver\win32\92.0.4515.107\chromedriver.exe
Starting ChromeDriver 92.0.4515.107 (87a818b10553a07434ea9e2b6dccf3cbe7895134-refs/branch-heads/4515@{#1634}) on port 27970
Only local connections are allowed.
Please see https://chromedriver.chromium.org/security-considerations for suggestions on keeping ChromeDriver safe.
ChromeDriver was started successfully.
aug. 07, 2021 4:29:10 DU org.openqa.selenium.remote.ProtocolHandshake createSession
INFO: Detected dialect: W3C
[Test worker] INFO pages.HomePage - Open homepage!
[Test worker] INFO pages.HomePage - Your Store downloaded !
[Test worker] INFO BaseTest - Taken a screenshot
[Test worker] INFO BaseTest - Load account login page
[Test worker] INFO BaseTest - Take a screenshot
[Test worker] INFO BaseTest - Click to New Customer Countinue button
[Test worker] INFO BaseTest - Take a screenshot
[Test worker] INFO pages.RegisterAccountPage - First name: test_fname
[Test worker] INFO pages.RegisterAccountPage - Last name: test_lname
[Test worker] INFO pages.RegisterAccountPage - Email: test_39995482@test.hu
[Test worker] INFO pages.RegisterAccountPage - Telephone: +361234566
[Test worker] INFO pages.RegisterAccountPage - Password: test_psw
[Test worker] INFO pages.RegisterAccountPage - Confirm password: test_psw
[Test worker] INFO pages.RegisterAccountPage - Take screenshot
[Test worker] INFO pages.RegisterAccountPage - Set to privacy policy checkbox
[Test worker] INFO pages.RegisterAccountPage - Click to continue button
[Test worker] INFO BaseTest - Take a screenshot
[Test worker] INFO BaseTest - Verify successful registration: PASSED
]]></system-err>
</testsuite>
