<?xml version="1.0" encoding="UTF-8"?>
<testsuite name="TC09_RepetitivDataUpload" tests="4" skipped="0" failures="0" errors="0" timestamp="2021-08-16T18:13:57" hostname="MAIN-MACHINE" time="23.449">
  <properties/>
  <testcase name="[1] Peter, Toth, Malev, Pattantyu 13, Varos1, 1221, Georgia, Guria" classname="TC09_RepetitivDataUpload" time="7.081"/>
  <testcase name="[2] Janos, Kiss, Matav, Zold kullo 43, Varos2, 3333, Georgia, Guria" classname="TC09_RepetitivDataUpload" time="5.334"/>
  <testcase name="[3] Zalan, Farkas, Vodafone, Futrinka utca 13, Varos3, 4444, Georgia, Guria" classname="TC09_RepetitivDataUpload" time="5.588"/>
  <testcase name="[4] Jozsef, Zold, Hungarotel, Dullo 12, 5555, Varos4, Egypt, Asyut" classname="TC09_RepetitivDataUpload" time="5.434"/>
  <system-out><![CDATA[]]></system-out>
  <system-err><![CDATA[[Test worker] INFO io.github.bonigarcia.wdm.WebDriverManager - Using chromedriver 92.0.4515.107 (resolved driver for Chrome 92)
[Test worker] INFO io.github.bonigarcia.wdm.WebDriverManager - Exporting webdriver.chrome.driver as C:\Users\georg\.cache\selenium\chromedriver\win32\92.0.4515.107\chromedriver.exe
Starting ChromeDriver 92.0.4515.107 (87a818b10553a07434ea9e2b6dccf3cbe7895134-refs/branch-heads/4515@{#1634}) on port 35913
Only local connections are allowed.
Please see https://chromedriver.chromium.org/security-considerations for suggestions on keeping ChromeDriver safe.
ChromeDriver was started successfully.
aug. 16, 2021 8:13:56 DU org.openqa.selenium.remote.ProtocolHandshake createSession
INFO: Detected dialect: W3C
[Test worker] INFO pages.HomePage - Open homepage!
[Test worker] INFO pages.HomePage - Your Store downloaded !
[Test worker] INFO BaseTest - Taken a screenshot
[Test worker] INFO BaseTest - Load account login page
[Test worker] INFO BaseTest - Take a screenshot
[Test worker] INFO pages.AccountLoginPage - email: test_35306163@test.hu
[Test worker] INFO pages.AccountLoginPage - password: test_psw
[Test worker] INFO BaseTest - Take a screenshot
[Test worker] INFO BaseTest - Take a screenshot
[Test worker] INFO BaseTest - Take a screenshot
[Test worker] INFO BaseTest - Data row count before upload: 20
[Test worker] INFO BaseTest - Take a screenshot
[Test worker] INFO BaseTest - Data row count after upload: 21
[Test worker] INFO pages.HomePage - Open homepage!
[Test worker] INFO pages.HomePage - Your Store downloaded !
[Test worker] INFO BaseTest - Taken a screenshot
[Test worker] INFO BaseTest - Load account login page
[Test worker] INFO BaseTest - Take a screenshot
[Test worker] INFO pages.AccountLoginPage - email: test_35306163@test.hu
[Test worker] INFO pages.AccountLoginPage - password: test_psw
[Test worker] INFO BaseTest - Take a screenshot
[Test worker] INFO BaseTest - Take a screenshot
[Test worker] INFO BaseTest - Take a screenshot
[Test worker] INFO BaseTest - Data row count before upload: 21
[Test worker] INFO BaseTest - Take a screenshot
[Test worker] INFO BaseTest - Data row count after upload: 22
[Test worker] INFO pages.HomePage - Open homepage!
[Test worker] INFO pages.HomePage - Your Store downloaded !
[Test worker] INFO BaseTest - Taken a screenshot
[Test worker] INFO BaseTest - Load account login page
[Test worker] INFO BaseTest - Take a screenshot
[Test worker] INFO pages.AccountLoginPage - email: test_35306163@test.hu
[Test worker] INFO pages.AccountLoginPage - password: test_psw
[Test worker] INFO BaseTest - Take a screenshot
[Test worker] INFO BaseTest - Take a screenshot
[Test worker] INFO BaseTest - Take a screenshot
[Test worker] INFO BaseTest - Data row count before upload: 22
[Test worker] INFO BaseTest - Take a screenshot
[Test worker] INFO BaseTest - Data row count after upload: 23
[Test worker] INFO pages.HomePage - Open homepage!
[Test worker] INFO pages.HomePage - Your Store downloaded !
[Test worker] INFO BaseTest - Taken a screenshot
[Test worker] INFO BaseTest - Load account login page
[Test worker] INFO BaseTest - Take a screenshot
[Test worker] INFO pages.AccountLoginPage - email: test_35306163@test.hu
[Test worker] INFO pages.AccountLoginPage - password: test_psw
[Test worker] INFO BaseTest - Take a screenshot
[Test worker] INFO BaseTest - Take a screenshot
[Test worker] INFO BaseTest - Take a screenshot
[Test worker] INFO BaseTest - Data row count before upload: 23
[Test worker] INFO BaseTest - Take a screenshot
[Test worker] INFO BaseTest - Data row count after upload: 24
]]></system-err>
</testsuite>
