<?xml version="1.0" encoding="UTF-8"?>
<testsuite name="TC06_DataListingTest" tests="1" skipped="0" failures="0" errors="0" timestamp="2021-08-08T11:05:15" hostname="MAIN-MACHINE" time="3.957">
  <properties/>
  <testcase name="dataListingTest()" classname="TC06_DataListingTest" time="3.957"/>
  <system-out><![CDATA[]]></system-out>
  <system-err><![CDATA[[Test worker] INFO io.github.bonigarcia.wdm.WebDriverManager - Using chromedriver 92.0.4515.107 (resolved driver for Chrome 92)
[Test worker] INFO io.github.bonigarcia.wdm.WebDriverManager - Exporting webdriver.chrome.driver as C:\Users\georg\.cache\selenium\chromedriver\win32\92.0.4515.107\chromedriver.exe
Starting ChromeDriver 92.0.4515.107 (87a818b10553a07434ea9e2b6dccf3cbe7895134-refs/branch-heads/4515@{#1634}) on port 48497
Only local connections are allowed.
Please see https://chromedriver.chromium.org/security-considerations for suggestions on keeping ChromeDriver safe.
ChromeDriver was started successfully.
aug. 08, 2021 1:05:15 DU org.openqa.selenium.remote.ProtocolHandshake createSession
INFO: Detected dialect: W3C
[Test worker] INFO pages.HomePage - Open homepage!
[Test worker] INFO pages.HomePage - Your Store downloaded !
[Test worker] INFO BaseTest - Taken a screenshot
[Test worker] INFO pages.HomePage - Take a screenshot
[Test worker] INFO pages.HomePage - Take a screenshot
[Test worker] INFO BaseTest - product quantity: 16
[Test worker] INFO BaseTest - Get origin price list
[Test worker] INFO BaseTest - Get sorted price list
[Test worker] INFO BaseTest - Does the order of the two arrays matches?
]]></system-err>
</testsuite>
