<?xml version="1.0" encoding="UTF-8"?>
<testsuite name="TC10_DataEditingTest" tests="1" skipped="0" failures="0" errors="0" timestamp="2021-08-21T19:19:25" hostname="MAIN-MACHINE" time="5.202">
  <properties/>
  <testcase name="delete teszt" classname="TC10_DataEditingTest" time="5.202"/>
  <system-out><![CDATA[]]></system-out>
  <system-err><![CDATA[[Test worker] INFO io.github.bonigarcia.wdm.WebDriverManager - Using chromedriver 92.0.4515.107 (resolved driver for Chrome 92)
[Test worker] INFO io.github.bonigarcia.wdm.WebDriverManager - Exporting webdriver.chrome.driver as C:\Users\georg\.cache\selenium\chromedriver\win32\92.0.4515.107\chromedriver.exe
Starting ChromeDriver 92.0.4515.107 (87a818b10553a07434ea9e2b6dccf3cbe7895134-refs/branch-heads/4515@{#1634}) on port 17517
Only local connections are allowed.
Please see https://chromedriver.chromium.org/security-considerations for suggestions on keeping ChromeDriver safe.
ChromeDriver was started successfully.
aug. 21, 2021 9:19:25 DU org.openqa.selenium.remote.ProtocolHandshake createSession
INFO: Detected dialect: W3C
[Test worker] INFO pages.HomePage - A weboldal megnyitĂˇsa
[Test worker] INFO pages.HomePage - KĂ©pernyĹ‘kĂ©p kĂ©szĂ­tĂ©s
[Test worker] INFO BaseTest - A homepage betoltodott
[Test worker] INFO pages.HomePage - KĂ©pernyĹ‘kĂ©p kĂ©szĂ­tĂ©s
[Test worker] INFO BaseTest - A login page betoltodott
[Test worker] INFO pages.AccountLoginPage - email: test_35306163@test.hu
[Test worker] INFO pages.AccountLoginPage - password: test_psw
[Test worker] INFO pages.AccountLoginPage - KĂ©pernyĹ‘kĂ©p kĂ©szĂ­tĂ©s
[Test worker] INFO pages.AccountLoginPage - KĂ©pernyĹ‘kĂ©p kĂ©szĂ­tĂ©s
[Test worker] INFO BaseTest - A My Account page betoltodott
[Test worker] INFO BaseTest - A Address Book Entries page betoltodott
[Test worker] INFO BaseTest - Kepernyokep keszites
[Test worker] INFO BaseTest - Edit Address page betoltodott!
[Test worker] INFO pages.HomePage - FirstName mezo tartalma: Zalanplus_textplus_text
[Test worker] INFO pages.HomePage - FirstName mezo tartalma: Zalanplus_textplus_text
[Test worker] INFO pages.HomePage - FirstName mezo update: Zalanplus_textplus_textplus_text
[Test worker] INFO pages.HomePage - Kepernyokep keszites
[Test worker] INFO pages.HomePage - FirstName mezo tartalma: Zalanplus_textplus_textplus_text
]]></system-err>
</testsuite>
