<?xml version="1.0" encoding="UTF-8"?>
<testsuite name="TC11_DataDeletingTest" tests="1" skipped="0" failures="0" errors="0" timestamp="2021-08-21T16:26:19" hostname="MAIN-MACHINE" time="6.275">
  <properties/>
  <testcase name="deleteItemsFromAddressBook()" classname="TC11_DataDeletingTest" time="6.275"/>
  <system-out><![CDATA[]]></system-out>
  <system-err><![CDATA[[Test worker] INFO io.github.bonigarcia.wdm.WebDriverManager - Using chromedriver 92.0.4515.107 (resolved driver for Chrome 92)
[Test worker] INFO io.github.bonigarcia.wdm.WebDriverManager - Exporting webdriver.chrome.driver as C:\Users\georg\.cache\selenium\chromedriver\win32\92.0.4515.107\chromedriver.exe
Starting ChromeDriver 92.0.4515.107 (87a818b10553a07434ea9e2b6dccf3cbe7895134-refs/branch-heads/4515@{#1634}) on port 10097
Only local connections are allowed.
Please see https://chromedriver.chromium.org/security-considerations for suggestions on keeping ChromeDriver safe.
ChromeDriver was started successfully.
aug. 21, 2021 6:26:18 DU org.openqa.selenium.remote.ProtocolHandshake createSession
INFO: Detected dialect: W3C
[Test worker] INFO pages.HomePage - A weboldal megnyitĂˇsa
[Test worker] INFO pages.HomePage - KĂ©pernyĹ‘kĂ©p kĂ©szĂ­tĂ©s
[Test worker] INFO BaseTest - A homepage betoltodott
[Test worker] INFO pages.HomePage - KĂ©pernyĹ‘kĂ©p kĂ©szĂ­tĂ©s
[Test worker] INFO BaseTest - A login page betoltodott
[Test worker] INFO pages.AccountLoginPage - email: test_35306163@test.hu
[Test worker] INFO pages.AccountLoginPage - password: test_psw
[Test worker] INFO pages.AccountLoginPage - KĂ©pernyĹ‘kĂ©p kĂ©szĂ­tĂ©s
[Test worker] INFO pages.AccountLoginPage - KĂ©pernyĹ‘kĂ©p kĂ©szĂ­tĂ©s
[Test worker] INFO BaseTest - A My Account page betoltodott
[Test worker] INFO BaseTest - A Address Book Entries page betoltodott
[Test worker] INFO BaseTest - Kepernyokep keszites
[Test worker] INFO BaseTest - Cimjegyzek szamossaga torles elott: 5
[Test worker] INFO BaseTest - KĂ©pernyĹ‘kĂ©p kĂ©szĂ­tĂ©s
[Test worker] INFO BaseTest - Cimjegyzek szamossaga torles utan: 4
[Test worker] INFO BaseTest - Cimjegyzek szamossaga torles elott: 4
[Test worker] INFO BaseTest - KĂ©pernyĹ‘kĂ©p kĂ©szĂ­tĂ©s
[Test worker] INFO BaseTest - Cimjegyzek szamossaga torles utan: 3
[Test worker] INFO BaseTest - Cimjegyzek szamossaga torles elott: 3
[Test worker] INFO BaseTest - KĂ©pernyĹ‘kĂ©p kĂ©szĂ­tĂ©s
[Test worker] INFO BaseTest - Cimjegyzek szamossaga torles utan: 2
[Test worker] INFO BaseTest - Cimjegyzek szamossaga torles elott: 2
[Test worker] INFO BaseTest - KĂ©pernyĹ‘kĂ©p kĂ©szĂ­tĂ©s
[Test worker] INFO BaseTest - Cimjegyzek szamossaga torles utan: 1
[Test worker] INFO BaseTest - Cimjegyzek szamossaga torles elott: 1
[Test worker] INFO BaseTest - KĂ©pernyĹ‘kĂ©p kĂ©szĂ­tĂ©s
[Test worker] INFO BaseTest - Cimjegyzek szamossaga torles utan: 1
]]></system-err>
</testsuite>
