<?xml version="1.0" encoding="UTF-8"?>
<testsuite name="TC04_LoginUnsuccessful" tests="1" skipped="0" failures="0" errors="0" timestamp="2021-08-21T21:38:53" hostname="MAIN-MACHINE" time="3.585">
  <properties/>
  <testcase name="loginUnsuccessful()" classname="TC04_LoginUnsuccessful" time="3.585"/>
  <system-out><![CDATA[]]></system-out>
  <system-err><![CDATA[[Test worker] INFO io.github.bonigarcia.wdm.WebDriverManager - Using chromedriver 92.0.4515.107 (resolved driver for Chrome 92)
[Test worker] INFO io.github.bonigarcia.wdm.WebDriverManager - Exporting webdriver.chrome.driver as C:\Users\georg\.cache\selenium\chromedriver\win32\92.0.4515.107\chromedriver.exe
Starting ChromeDriver 92.0.4515.107 (87a818b10553a07434ea9e2b6dccf3cbe7895134-refs/branch-heads/4515@{#1634}) on port 4347
Only local connections are allowed.
Please see https://chromedriver.chromium.org/security-considerations for suggestions on keeping ChromeDriver safe.
ChromeDriver was started successfully.
aug. 21, 2021 11:38:53 DU org.openqa.selenium.remote.ProtocolHandshake createSession
INFO: Detected dialect: W3C
[Test worker] INFO pages.HomePage - A weboldal megnyitĂˇsa
[Test worker] INFO pages.HomePage - KĂ©pernyĹ‘kĂ©p kĂ©szĂ­tĂ©s
[Test worker] INFO BaseTest - Taken a screenshot
[Test worker] INFO pages.HomePage - KĂ©pernyĹ‘kĂ©p kĂ©szĂ­tĂ©s
[Test worker] INFO BaseTest - Load account login page
[Test worker] INFO BaseTest - Take a screenshot
[Test worker] INFO pages.AccountLoginPage - email: test_35306163@test.hu
[Test worker] INFO pages.AccountLoginPage - password: test_psw_
[Test worker] INFO pages.AccountLoginPage - Kepernyokep keszites
[Test worker] INFO pages.AccountLoginPage - Kepernyokep keszites
]]></system-err>
</testsuite>
