<?xml version="1.0" encoding="UTF-8"?>
<testsuite name="TC07_PaginationTest" tests="1" skipped="0" failures="0" errors="0" timestamp="2021-08-09T20:58:22" hostname="MAIN-MACHINE" time="4.204">
  <properties/>
  <testcase name="paginationTest()" classname="TC07_PaginationTest" time="4.204"/>
  <system-out><![CDATA[]]></system-out>
  <system-err><![CDATA[[Test worker] INFO io.github.bonigarcia.wdm.WebDriverManager - Using chromedriver 92.0.4515.107 (resolved driver for Chrome 92)
[Test worker] INFO io.github.bonigarcia.wdm.WebDriverManager - Exporting webdriver.chrome.driver as C:\Users\georg\.cache\selenium\chromedriver\win32\92.0.4515.107\chromedriver.exe
Starting ChromeDriver 92.0.4515.107 (87a818b10553a07434ea9e2b6dccf3cbe7895134-refs/branch-heads/4515@{#1634}) on port 24777
Only local connections are allowed.
Please see https://chromedriver.chromium.org/security-considerations for suggestions on keeping ChromeDriver safe.
ChromeDriver was started successfully.
aug. 09, 2021 10:58:22 DU org.openqa.selenium.remote.ProtocolHandshake createSession
INFO: Detected dialect: W3C
[Test worker] INFO pages.HomePage - Open homepage!
[Test worker] INFO pages.HomePage - Your Store downloaded !
[Test worker] INFO BaseTest - Taken a screenshot
[Test worker] INFO pages.HomePage - Take a screenshot
[Test worker] INFO pages.HomePage - Take a screenshot
[Test worker] INFO BaseTest - Show all desktop
[Test worker] INFO BaseTest - Active page: 1
[Test worker] INFO BaseTest - Active page: 2
[Test worker] INFO BaseTest - Active page: 1
]]></system-err>
</testsuite>
